<?xml version="1.0" encoding="UTF-8"?>
<!-- Generated by org.testng.reporters.JUnitReportReporter -->
<testsuite skipped="0" hostname="NagarajPersonalLaptop" name="firsttestngpackage.AdminAutomation" tests="6" failures="0" timestamp="2020-08-16T19:49:23 IST" time="3.864" errors="0">
  <testcase name="login_Pass" time="0.886" classname="firsttestngpackage.AdminAutomation"/>
  <system-out/>
  <testcase name="useraccount_login_enabling" time="0.689" classname="firsttestngpackage.AdminAutomation"/>
  <system-out/>
  <testcase name="useraccount_features" time="0.721" classname="firsttestngpackage.AdminAutomation"/>
  <system-out/>
  <testcase name="checkbookRequests" time="0.548" classname="firsttestngpackage.AdminAutomation"/>
  <system-out/>
  <testcase name="authorization" time="0.753" classname="firsttestngpackage.AdminAutomation"/>
  <system-out/>
  <testcase name="logout" time="0.267" classname="firsttestngpackage.AdminAutomation"/>
  <system-out/>
</testsuite> <!-- firsttestngpackage.AdminAutomation -->
